<?xml version="1.0" encoding="UTF-8"?>
<testng-results ignored="0" total="1" passed="1" failed="0" skipped="0">
  <reporter-output>
  </reporter-output>
  <suite started-at="2023-11-19T13:42:22 CST" name="Default suite" finished-at="2023-11-19T13:42:34 CST" duration-ms="11341">
    <groups>
    </groups>
    <test started-at="2023-11-19T13:42:22 CST" name="Default test" finished-at="2023-11-19T13:42:34 CST" duration-ms="11341">
      <class name="com.nxt.qa.Edge_Class.NewClass">
        <test-method signature="TX()[pri:0, instance:com.nxt.qa.Edge_Class.NewClass@6d4d66d2]" started-at="2023-11-19T13:42:22 CST" name="TX" finished-at="2023-11-19T13:42:34 CST" duration-ms="11267" status="PASS">
          <reporter-output>
          </reporter-output>
        </test-method> <!-- TX -->
      </class> <!-- com.nxt.qa.Edge_Class.NewClass -->
    </test> <!-- Default test -->
  </suite> <!-- Default suite -->
</testng-results>
